  Ingredient.cpp
G:\Zelda\Zelda\Zelda\Ingredient.cpp(57,9): warning C4244: “return”: 从“const float”转换到“int”，可能丢失数据
G:\Zelda\Zelda\Zelda\Ingredient.cpp(251,16): warning C4553: “==”: 未使用表达式结果；是否打算使用“=”?
G:\Zelda\Zelda\Zelda\Ingredient.cpp(2434,158): warning C4244: “参数”: 从“double”转换到“int”，可能丢失数据
G:\Zelda\Zelda\Zelda\AllStruct.h(307,10): warning C4267: “初始化”: 从“size_t”转换到“int”，可能丢失数据
  (compiling source file 'Ingredient.cpp')
      G:\Zelda\Zelda\Zelda\AllStruct.h(307,10):
      模板实例化上下文(最早的实例化上下文)为
          G:\Zelda\Zelda\Zelda\Ingredient.h(234,30):
          查看对正在编译的 类 模板 实例化“BaseHashList<int,List<Recipe>>”的引用
          G:\Zelda\Zelda\Zelda\AllStruct.h(305,13):
          在编译 类 模板 成员函数“int BaseHashList<int,List<Recipe>>::HashFunc(K)”时
          with
          [
              K=int
          ]
              G:\Zelda\Zelda\Zelda\Ingredient.h(256,10):
              请参阅 "RecipeHashListID::Insert" 中对 "BaseHashList<int,List<Recipe>>::HashFunc" 的第一个引用
  
G:\Zelda\Zelda\Zelda\Ingredient.cpp(228,1): warning C4715: “GetEffectLevel”: 不是所有的控件路径都返回值
  Zelda.vcxproj -> G:\Zelda\Zelda\x64\Debug\Zelda.exe
